<?xml version="1.0" encoding="UTF-8"?>
<!-- Generated by org.testng.reporters.JUnitXMLReporter -->
<testsuite hostname="WIN-QHMBVR9T6RD" failures="1" tests="1" name="TestValidateTitle" time="25.316" errors="0" timestamp="9 May 2022 06:25:52 GMT">
  <testcase classname="academy.TestValidateTitle" name="testTitle" time="0.045">
    <failure type="java.lang.AssertionError" message="expected [FEATUzxRED COURSES] but found [FEATURED COURSES]">
      <![CDATA[java.lang.AssertionError: expected [FEATUzxRED COURSES] but found [FEATURED COURSES]
	at academy.TestValidateTitle.testTitle(TestValidateTitle.java:29)
	at org.apache.maven.surefire.testng.TestNGExecutor.run(TestNGExecutor.java:324)
	at org.apache.maven.surefire.testng.TestNGXmlTestSuite.execute(TestNGXmlTestSuite.java:74)
	at org.apache.maven.surefire.testng.TestNGProvider.invoke(TestNGProvider.java:123)
	at org.apache.maven.surefire.booter.ForkedBooter.runSuitesInProcess(ForkedBooter.java:456)
	at org.apache.maven.surefire.booter.ForkedBooter.execute(ForkedBooter.java:169)
	at org.apache.maven.surefire.booter.ForkedBooter.run(ForkedBooter.java:595)
	at org.apache.maven.surefire.booter.ForkedBooter.main(ForkedBooter.java:581)
... Removed 26 stack frames]]>
    </failure>
  </testcase> <!-- testTitle -->
</testsuite> <!-- TestValidateTitle -->
