<?xml version="1.0" encoding="UTF-8"?>
<testng-results total="3" passed="3" failed="0" skipped="0">
  <reporter-output>
  </reporter-output>
  <suite started-at="2022-05-09T14:22:54Z" name="AllSuiteE2E" finished-at="2022-05-09T14:24:19Z" duration-ms="84744">
    <groups>
    </groups>
    <test started-at="2022-05-09T14:22:54Z" name="TestValidateTitle" finished-at="2022-05-09T14:23:35Z" duration-ms="40735">
      <class name="academy.TestValidateTitle">
        <test-method is-config="true" signature="initilizing()[pri:0, instance:academy.TestValidateTitle@32057e6]" started-at="2022-05-09T17:22:54Z" name="initilizing" finished-at="2022-05-09T17:23:35Z" duration-ms="40639" status="PASS">
          <reporter-output>
          </reporter-output>
        </test-method> <!-- initilizing -->
        <test-method signature="testTitle()[pri:0, instance:academy.TestValidateTitle@32057e6]" started-at="2022-05-09T17:23:35Z" name="testTitle" finished-at="2022-05-09T17:23:35Z" duration-ms="47" status="PASS">
          <reporter-output>
          </reporter-output>
        </test-method> <!-- testTitle -->
        <test-method is-config="true" signature="teardown()[pri:0, instance:academy.TestValidateTitle@32057e6]" started-at="2022-05-09T17:23:35Z" name="teardown" finished-at="2022-05-09T17:23:35Z" duration-ms="34" status="PASS">
          <reporter-output>
          </reporter-output>
        </test-method> <!-- teardown -->
      </class> <!-- academy.TestValidateTitle -->
    </test> <!-- TestValidateTitle -->
    <test started-at="2022-05-09T14:23:36Z" name="TestHomePage" finished-at="2022-05-09T14:24:07Z" duration-ms="30840">
      <class name="academy.TestHomePage">
        <test-method is-config="true" signature="initilizing()[pri:0, instance:academy.TestHomePage@e6516e]" started-at="2022-05-09T17:23:36Z" name="initilizing" finished-at="2022-05-09T17:23:37Z" duration-ms="1073" status="PASS">
          <reporter-output>
          </reporter-output>
        </test-method> <!-- initilizing -->
        <test-method signature="testHomePageLogin(java.lang.String, java.lang.String, java.lang.String)[pri:0, instance:academy.TestHomePage@e6516e]" started-at="2022-05-09T17:23:37Z" name="testHomePageLogin" data-provider="getData" finished-at="2022-05-09T17:24:07Z" duration-ms="29740" status="PASS">
          <params>
            <param index="0">
              <value>
                <![CDATA[nonorestrictedUser@user1.com]]>
              </value>
            </param>
            <param index="1">
              <value>
                <![CDATA[12tertertert3]]>
              </value>
            </param>
            <param index="2">
              <value>
                <![CDATA[resricted user]]>
              </value>
            </param>
          </params>
          <reporter-output>
          </reporter-output>
        </test-method> <!-- testHomePageLogin -->
        <test-method is-config="true" signature="teardown()[pri:0, instance:academy.TestHomePage@e6516e]" started-at="2022-05-09T17:24:07Z" name="teardown" finished-at="2022-05-09T17:24:07Z" duration-ms="24" status="PASS">
          <reporter-output>
          </reporter-output>
        </test-method> <!-- teardown -->
      </class> <!-- academy.TestHomePage -->
    </test> <!-- TestHomePage -->
    <test started-at="2022-05-09T14:24:07Z" name="TestValidateNavigationBar" finished-at="2022-05-09T14:24:19Z" duration-ms="12345">
      <class name="academy.TestValidateNavigationBar">
        <test-method is-config="true" signature="initilizing()[pri:0, instance:academy.TestValidateNavigationBar@2e5c7f0b]" started-at="2022-05-09T17:24:07Z" name="initilizing" finished-at="2022-05-09T17:24:19Z" duration-ms="12289" status="PASS">
          <reporter-output>
          </reporter-output>
        </test-method> <!-- initilizing -->
        <test-method signature="testNavigateBar()[pri:0, instance:academy.TestValidateNavigationBar@2e5c7f0b]" started-at="2022-05-09T17:24:19Z" name="testNavigateBar" finished-at="2022-05-09T17:24:19Z" duration-ms="36" status="PASS">
          <reporter-output>
          </reporter-output>
        </test-method> <!-- testNavigateBar -->
        <test-method is-config="true" signature="teardown()[pri:0, instance:academy.TestValidateNavigationBar@2e5c7f0b]" started-at="2022-05-09T17:24:19Z" name="teardown" finished-at="2022-05-09T17:24:19Z" duration-ms="20" status="PASS">
          <reporter-output>
          </reporter-output>
        </test-method> <!-- teardown -->
      </class> <!-- academy.TestValidateNavigationBar -->
    </test> <!-- TestValidateNavigationBar -->
  </suite> <!-- AllSuiteE2E -->
</testng-results>
